{"C:\\Users\\ceciw\\Repositories\\ffxiv-rain\\rain-bot\\src\\roles.ts": {"path":"C:\\Users\\ceciw\\Repositories\\ffxiv-rain\\rain-bot\\src\\roles.ts","statementMap":{"0":{"start":{"line":2,"column":0},"end":{"line":2,"column":62}},"1":{"start":{"line":3,"column":0},"end":{"line":3,"column":45}},"2":{"start":{"line":5,"column":0},"end":{"line":34,"column":50}},"3":{"start":{"line":9,"column":4},"end":{"line":9,"column":45}},"4":{"start":{"line":10,"column":4},"end":{"line":10,"column":51}},"5":{"start":{"line":11,"column":4},"end":{"line":11,"column":50}},"6":{"start":{"line":12,"column":4},"end":{"line":12,"column":45}},"7":{"start":{"line":13,"column":4},"end":{"line":13,"column":43}},"8":{"start":{"line":14,"column":4},"end":{"line":14,"column":44}},"9":{"start":{"line":15,"column":4},"end":{"line":15,"column":45}},"10":{"start":{"line":16,"column":4},"end":{"line":16,"column":44}},"11":{"start":{"line":17,"column":4},"end":{"line":17,"column":48}},"12":{"start":{"line":21,"column":4},"end":{"line":21,"column":41}},"13":{"start":{"line":22,"column":4},"end":{"line":22,"column":43}},"14":{"start":{"line":26,"column":4},"end":{"line":26,"column":52}},"15":{"start":{"line":27,"column":4},"end":{"line":27,"column":42}},"16":{"start":{"line":31,"column":4},"end":{"line":31,"column":50}},"17":{"start":{"line":32,"column":4},"end":{"line":32,"column":52}},"18":{"start":{"line":33,"column":4},"end":{"line":33,"column":52}},"19":{"start":{"line":35,"column":0},"end":{"line":45,"column":2}}},"fnMap":{"0":{"name":"(anonymous_0)","decl":{"start":{"line":5,"column":1},"end":{"line":5,"column":2}},"loc":{"start":{"line":5,"column":18},"end":{"line":34,"column":1}},"line":5}},"branchMap":{"0":{"loc":{"start":{"line":34,"column":11},"end":{"line":34,"column":48}},"type":"binary-expr","locations":[{"start":{"line":34,"column":11},"end":{"line":34,"column":24}},{"start":{"line":34,"column":29},"end":{"line":34,"column":47}}],"line":34}},"s":{"0":2,"1":2,"2":2,"3":2,"4":2,"5":2,"6":2,"7":2,"8":2,"9":2,"10":2,"11":2,"12":2,"13":2,"14":2,"15":2,"16":2,"17":2,"18":2,"19":2},"f":{"0":2},"b":{"0":[2,2]},"_coverageSchema":"1a1c01bbd47fc00a2c39e90264f33305004495a9","hash":"69f04bd50cfcf6c66684c0c59e2aabc56e5e63b5"}
,"C:\\Users\\ceciw\\Repositories\\ffxiv-rain\\rain-bot\\src\\bot\\auto-role.ts": {"path":"C:\\Users\\ceciw\\Repositories\\ffxiv-rain\\rain-bot\\src\\bot\\auto-role.ts","statementMap":{"0":{"start":{"line":2,"column":0},"end":{"line":2,"column":62}},"1":{"start":{"line":3,"column":0},"end":{"line":3,"column":143}},"2":{"start":{"line":4,"column":16},"end":{"line":4,"column":35}},"3":{"start":{"line":5,"column":16},"end":{"line":5,"column":41}},"4":{"start":{"line":6,"column":29},"end":{"line":6,"column":70}},"5":{"start":{"line":8,"column":4},"end":{"line":11,"column":5}},"6":{"start":{"line":9,"column":8},"end":{"line":9,"column":54}},"7":{"start":{"line":10,"column":8},"end":{"line":10,"column":101}},"8":{"start":{"line":13,"column":0},"end":{"line":13,"column":32}},"9":{"start":{"line":15,"column":26},"end":{"line":15,"column":99}},"10":{"start":{"line":16,"column":4},"end":{"line":23,"column":5}},"11":{"start":{"line":17,"column":8},"end":{"line":17,"column":42}},"12":{"start":{"line":18,"column":8},"end":{"line":18,"column":38}},"13":{"start":{"line":20,"column":9},"end":{"line":23,"column":5}},"14":{"start":{"line":21,"column":8},"end":{"line":21,"column":41}},"15":{"start":{"line":22,"column":8},"end":{"line":22,"column":39}},"16":{"start":{"line":25,"column":0},"end":{"line":25,"column":58}},"17":{"start":{"line":27,"column":17},"end":{"line":27,"column":73}},"18":{"start":{"line":28,"column":4},"end":{"line":28,"column":43}},"19":{"start":{"line":29,"column":4},"end":{"line":29,"column":56}},"20":{"start":{"line":30,"column":4},"end":{"line":30,"column":33}},"21":{"start":{"line":32,"column":0},"end":{"line":32,"column":50}},"22":{"start":{"line":34,"column":17},"end":{"line":34,"column":70}},"23":{"start":{"line":36,"column":4},"end":{"line":38,"column":5}},"24":{"start":{"line":37,"column":8},"end":{"line":37,"column":37}},"25":{"start":{"line":39,"column":4},"end":{"line":39,"column":30}},"26":{"start":{"line":41,"column":0},"end":{"line":41,"column":44}},"27":{"start":{"line":43,"column":4},"end":{"line":43,"column":50}},"28":{"start":{"line":44,"column":4},"end":{"line":44,"column":56}},"29":{"start":{"line":46,"column":0},"end":{"line":46,"column":38}}},"fnMap":{"0":{"name":"autoVerify","decl":{"start":{"line":7,"column":9},"end":{"line":7,"column":19}},"loc":{"start":{"line":7,"column":48},"end":{"line":12,"column":1}},"line":7},"1":{"name":"autoAssignGuestAndStaff","decl":{"start":{"line":14,"column":9},"end":{"line":14,"column":32}},"loc":{"start":{"line":14,"column":61},"end":{"line":24,"column":1}},"line":14},"2":{"name":"onGuildMemberUpdate","decl":{"start":{"line":26,"column":15},"end":{"line":26,"column":34}},"loc":{"start":{"line":26,"column":57},"end":{"line":31,"column":1}},"line":26},"3":{"name":"onGuildMemberAdd","decl":{"start":{"line":33,"column":15},"end":{"line":33,"column":31}},"loc":{"start":{"line":33,"column":40},"end":{"line":40,"column":1}},"line":33},"4":{"name":"autoRoleSetup","decl":{"start":{"line":42,"column":9},"end":{"line":42,"column":22}},"loc":{"start":{"line":42,"column":31},"end":{"line":45,"column":1}},"line":42}},"branchMap":{"0":{"loc":{"start":{"line":8,"column":4},"end":{"line":11,"column":5}},"type":"if","locations":[{"start":{"line":8,"column":4},"end":{"line":11,"column":5}},{"start":{},"end":{}}],"line":8},"1":{"loc":{"start":{"line":8,"column":8},"end":{"line":8,"column":47}},"type":"binary-expr","locations":[{"start":{"line":8,"column":8},"end":{"line":8,"column":25}},{"start":{"line":8,"column":29},"end":{"line":8,"column":47}}],"line":8},"2":{"loc":{"start":{"line":16,"column":4},"end":{"line":23,"column":5}},"type":"if","locations":[{"start":{"line":16,"column":4},"end":{"line":23,"column":5}},{"start":{"line":20,"column":9},"end":{"line":23,"column":5}}],"line":16},"3":{"loc":{"start":{"line":20,"column":9},"end":{"line":23,"column":5}},"type":"if","locations":[{"start":{"line":20,"column":9},"end":{"line":23,"column":5}},{"start":{},"end":{}}],"line":20},"4":{"loc":{"start":{"line":36,"column":4},"end":{"line":38,"column":5}},"type":"if","locations":[{"start":{"line":36,"column":4},"end":{"line":38,"column":5}},{"start":{},"end":{}}],"line":36}},"s":{"0":1,"1":1,"2":1,"3":1,"4":1,"5":3,"6":1,"7":1,"8":1,"9":3,"10":3,"11":1,"12":1,"13":2,"14":1,"15":1,"16":1,"17":0,"18":0,"19":0,"20":0,"21":1,"22":2,"23":2,"24":1,"25":2,"26":1,"27":0,"28":0,"29":1},"f":{"0":3,"1":3,"2":0,"3":2,"4":0},"b":{"0":[1,2],"1":[3,2],"2":[1,2],"3":[1,1],"4":[1,1]},"_coverageSchema":"1a1c01bbd47fc00a2c39e90264f33305004495a9","hash":"8f768f2b7d3ed1530291f4f674531c14dd8a92fd"}
,"C:\\Users\\ceciw\\Repositories\\ffxiv-rain\\rain-bot\\src\\managers\\diff-cache-manager.ts": {"path":"C:\\Users\\ceciw\\Repositories\\ffxiv-rain\\rain-bot\\src\\managers\\diff-cache-manager.ts","statementMap":{"0":{"start":{"line":2,"column":0},"end":{"line":2,"column":62}},"1":{"start":{"line":3,"column":0},"end":{"line":3,"column":34}},"2":{"start":{"line":4,"column":19},"end":{"line":4,"column":47}},"3":{"start":{"line":5,"column":20},"end":{"line":5,"column":49}},"4":{"start":{"line":7,"column":19},"end":{"line":7,"column":21}},"5":{"start":{"line":9,"column":8},"end":{"line":20,"column":9}},"6":{"start":{"line":10,"column":12},"end":{"line":10,"column":46}},"7":{"start":{"line":12,"column":13},"end":{"line":20,"column":9}},"8":{"start":{"line":13,"column":12},"end":{"line":13,"column":46}},"9":{"start":{"line":16,"column":12},"end":{"line":18,"column":13}},"10":{"start":{"line":17,"column":16},"end":{"line":17,"column":72}},"11":{"start":{"line":19,"column":12},"end":{"line":19,"column":46}},"12":{"start":{"line":21,"column":8},"end":{"line":21,"column":20}},"13":{"start":{"line":24,"column":21},"end":{"line":24,"column":46}},"14":{"start":{"line":25,"column":8},"end":{"line":26,"column":19}},"15":{"start":{"line":26,"column":12},"end":{"line":26,"column":19}},"16":{"start":{"line":27,"column":8},"end":{"line":30,"column":11}},"17":{"start":{"line":28,"column":12},"end":{"line":28,"column":38}},"18":{"start":{"line":29,"column":12},"end":{"line":29,"column":44}},"19":{"start":{"line":33,"column":0},"end":{"line":33,"column":44}}},"fnMap":{"0":{"name":"(anonymous_0)","decl":{"start":{"line":8,"column":4},"end":{"line":8,"column":5}},"loc":{"start":{"line":8,"column":26},"end":{"line":22,"column":5}},"line":8},"1":{"name":"(anonymous_1)","decl":{"start":{"line":23,"column":4},"end":{"line":23,"column":5}},"loc":{"start":{"line":23,"column":30},"end":{"line":31,"column":5}},"line":23},"2":{"name":"(anonymous_2)","decl":{"start":{"line":27,"column":49},"end":{"line":27,"column":50}},"loc":{"start":{"line":27,"column":61},"end":{"line":30,"column":9}},"line":27}},"branchMap":{"0":{"loc":{"start":{"line":9,"column":8},"end":{"line":20,"column":9}},"type":"if","locations":[{"start":{"line":9,"column":8},"end":{"line":20,"column":9}},{"start":{"line":12,"column":13},"end":{"line":20,"column":9}}],"line":9},"1":{"loc":{"start":{"line":12,"column":13},"end":{"line":20,"column":9}},"type":"if","locations":[{"start":{"line":12,"column":13},"end":{"line":20,"column":9}},{"start":{"line":15,"column":13},"end":{"line":20,"column":9}}],"line":12},"2":{"loc":{"start":{"line":16,"column":12},"end":{"line":18,"column":13}},"type":"if","locations":[{"start":{"line":16,"column":12},"end":{"line":18,"column":13}},{"start":{},"end":{}}],"line":16},"3":{"loc":{"start":{"line":25,"column":8},"end":{"line":26,"column":19}},"type":"if","locations":[{"start":{"line":25,"column":8},"end":{"line":26,"column":19}},{"start":{},"end":{}}],"line":25}},"s":{"0":1,"1":1,"2":1,"3":1,"4":1,"5":2,"6":0,"7":2,"8":0,"9":2,"10":1,"11":2,"12":0,"13":0,"14":0,"15":0,"16":0,"17":0,"18":0,"19":1},"f":{"0":2,"1":0,"2":0},"b":{"0":[0,2],"1":[0,2],"2":[1,1],"3":[0,0]},"_coverageSchema":"1a1c01bbd47fc00a2c39e90264f33305004495a9","hash":"d0cb211b0654de45a1f280dd01c6d505e9fcbf7a"}
,"C:\\Users\\ceciw\\Repositories\\ffxiv-rain\\rain-bot\\src\\utils\\debounce.ts": {"path":"C:\\Users\\ceciw\\Repositories\\ffxiv-rain\\rain-bot\\src\\utils\\debounce.ts","statementMap":{"0":{"start":{"line":2,"column":0},"end":{"line":2,"column":62}},"1":{"start":{"line":3,"column":0},"end":{"line":3,"column":26}},"2":{"start":{"line":4,"column":18},"end":{"line":4,"column":20}},"3":{"start":{"line":5,"column":28},"end":{"line":5,"column":32}},"4":{"start":{"line":7,"column":4},"end":{"line":9,"column":5}},"5":{"start":{"line":8,"column":8},"end":{"line":8,"column":36}},"6":{"start":{"line":10,"column":4},"end":{"line":10,"column":48}},"7":{"start":{"line":12,"column":0},"end":{"line":12,"column":28}}},"fnMap":{"0":{"name":"debounce","decl":{"start":{"line":6,"column":9},"end":{"line":6,"column":17}},"loc":{"start":{"line":6,"column":61},"end":{"line":11,"column":1}},"line":6}},"branchMap":{"0":{"loc":{"start":{"line":6,"column":32},"end":{"line":6,"column":59}},"type":"default-arg","locations":[{"start":{"line":6,"column":40},"end":{"line":6,"column":59}}],"line":6},"1":{"loc":{"start":{"line":7,"column":4},"end":{"line":9,"column":5}},"type":"if","locations":[{"start":{"line":7,"column":4},"end":{"line":9,"column":5}},{"start":{},"end":{}}],"line":7}},"s":{"0":1,"1":1,"2":1,"3":1,"4":0,"5":0,"6":0,"7":1},"f":{"0":0},"b":{"0":[0],"1":[0,0]},"_coverageSchema":"1a1c01bbd47fc00a2c39e90264f33305004495a9","hash":"52159d5175d78ef06a88fccc086333a7496d8241"}
,"C:\\Users\\ceciw\\Repositories\\ffxiv-rain\\rain-bot\\src\\utils\\role-diff.ts": {"path":"C:\\Users\\ceciw\\Repositories\\ffxiv-rain\\rain-bot\\src\\utils\\role-diff.ts","statementMap":{"0":{"start":{"line":2,"column":0},"end":{"line":2,"column":62}},"1":{"start":{"line":3,"column":0},"end":{"line":3,"column":26}},"2":{"start":{"line":5,"column":13},"end":{"line":5,"column":15}},"3":{"start":{"line":6,"column":15},"end":{"line":6,"column":17}},"4":{"start":{"line":8,"column":8},"end":{"line":16,"column":9}},"5":{"start":{"line":9,"column":33},"end":{"line":9,"column":60}},"6":{"start":{"line":10,"column":12},"end":{"line":12,"column":13}},"7":{"start":{"line":11,"column":16},"end":{"line":11,"column":54}},"8":{"start":{"line":13,"column":12},"end":{"line":14,"column":25}},"9":{"start":{"line":14,"column":16},"end":{"line":14,"column":25}},"10":{"start":{"line":15,"column":12},"end":{"line":15,"column":35}},"11":{"start":{"line":19,"column":8},"end":{"line":27,"column":9}},"12":{"start":{"line":20,"column":31},"end":{"line":20,"column":56}},"13":{"start":{"line":21,"column":12},"end":{"line":23,"column":13}},"14":{"start":{"line":22,"column":16},"end":{"line":22,"column":50}},"15":{"start":{"line":24,"column":12},"end":{"line":25,"column":25}},"16":{"start":{"line":25,"column":16},"end":{"line":25,"column":25}},"17":{"start":{"line":26,"column":12},"end":{"line":26,"column":37}},"18":{"start":{"line":30,"column":8},"end":{"line":30,"column":27}},"19":{"start":{"line":33,"column":8},"end":{"line":33,"column":29}},"20":{"start":{"line":36,"column":25},"end":{"line":36,"column":27}},"21":{"start":{"line":37,"column":8},"end":{"line":40,"column":9}},"22":{"start":{"line":38,"column":12},"end":{"line":38,"column":96}},"23":{"start":{"line":39,"column":12},"end":{"line":39,"column":56}},"24":{"start":{"line":41,"column":8},"end":{"line":44,"column":9}},"25":{"start":{"line":42,"column":12},"end":{"line":42,"column":100}},"26":{"start":{"line":43,"column":12},"end":{"line":43,"column":61}},"27":{"start":{"line":45,"column":8},"end":{"line":45,"column":36}},"28":{"start":{"line":46,"column":8},"end":{"line":46,"column":25}},"29":{"start":{"line":47,"column":8},"end":{"line":47,"column":27}},"30":{"start":{"line":50,"column":0},"end":{"line":50,"column":28}}},"fnMap":{"0":{"name":"(anonymous_0)","decl":{"start":{"line":7,"column":4},"end":{"line":7,"column":5}},"loc":{"start":{"line":7,"column":18},"end":{"line":17,"column":5}},"line":7},"1":{"name":"(anonymous_1)","decl":{"start":{"line":18,"column":4},"end":{"line":18,"column":5}},"loc":{"start":{"line":18,"column":21},"end":{"line":28,"column":5}},"line":18},"2":{"name":"(anonymous_2)","decl":{"start":{"line":29,"column":4},"end":{"line":29,"column":5}},"loc":{"start":{"line":29,"column":16},"end":{"line":31,"column":5}},"line":29},"3":{"name":"(anonymous_3)","decl":{"start":{"line":32,"column":4},"end":{"line":32,"column":5}},"loc":{"start":{"line":32,"column":18},"end":{"line":34,"column":5}},"line":32},"4":{"name":"(anonymous_4)","decl":{"start":{"line":35,"column":4},"end":{"line":35,"column":5}},"loc":{"start":{"line":35,"column":25},"end":{"line":48,"column":5}},"line":35}},"branchMap":{"0":{"loc":{"start":{"line":10,"column":12},"end":{"line":12,"column":13}},"type":"if","locations":[{"start":{"line":10,"column":12},"end":{"line":12,"column":13}},{"start":{},"end":{}}],"line":10},"1":{"loc":{"start":{"line":13,"column":12},"end":{"line":14,"column":25}},"type":"if","locations":[{"start":{"line":13,"column":12},"end":{"line":14,"column":25}},{"start":{},"end":{}}],"line":13},"2":{"loc":{"start":{"line":21,"column":12},"end":{"line":23,"column":13}},"type":"if","locations":[{"start":{"line":21,"column":12},"end":{"line":23,"column":13}},{"start":{},"end":{}}],"line":21},"3":{"loc":{"start":{"line":24,"column":12},"end":{"line":25,"column":25}},"type":"if","locations":[{"start":{"line":24,"column":12},"end":{"line":25,"column":25}},{"start":{},"end":{}}],"line":24},"4":{"loc":{"start":{"line":37,"column":8},"end":{"line":40,"column":9}},"type":"if","locations":[{"start":{"line":37,"column":8},"end":{"line":40,"column":9}},{"start":{},"end":{}}],"line":37},"5":{"loc":{"start":{"line":41,"column":8},"end":{"line":44,"column":9}},"type":"if","locations":[{"start":{"line":41,"column":8},"end":{"line":44,"column":9}},{"start":{},"end":{}}],"line":41}},"s":{"0":2,"1":2,"2":18,"3":18,"4":12,"5":15,"6":15,"7":1,"8":15,"9":1,"10":14,"11":10,"12":11,"13":11,"14":1,"15":11,"16":1,"17":10,"18":28,"19":23,"20":5,"21":5,"22":3,"23":3,"24":5,"25":2,"26":2,"27":5,"28":5,"29":5,"30":2},"f":{"0":12,"1":10,"2":28,"3":23,"4":5},"b":{"0":[1,14],"1":[1,14],"2":[1,10],"3":[1,10],"4":[3,2],"5":[2,3]},"_coverageSchema":"1a1c01bbd47fc00a2c39e90264f33305004495a9","hash":"58ee50c06fb358327ec0a97c0c839ae0e0143022"}
,"C:\\Users\\ceciw\\Repositories\\ffxiv-rain\\rain-bot\\src\\utils\\roles.ts": {"path":"C:\\Users\\ceciw\\Repositories\\ffxiv-rain\\rain-bot\\src\\utils\\roles.ts","statementMap":{"0":{"start":{"line":2,"column":0},"end":{"line":2,"column":62}},"1":{"start":{"line":3,"column":0},"end":{"line":3,"column":151}},"2":{"start":{"line":5,"column":0},"end":{"line":9,"column":71}},"3":{"start":{"line":6,"column":4},"end":{"line":6,"column":54}},"4":{"start":{"line":7,"column":4},"end":{"line":7,"column":62}},"5":{"start":{"line":8,"column":4},"end":{"line":8,"column":59}},"6":{"start":{"line":11,"column":4},"end":{"line":11,"column":42}},"7":{"start":{"line":13,"column":0},"end":{"line":13,"column":26}},"8":{"start":{"line":15,"column":18},"end":{"line":15,"column":59}},"9":{"start":{"line":16,"column":4},"end":{"line":16,"column":59}},"10":{"start":{"line":16,"column":34},"end":{"line":16,"column":57}},"11":{"start":{"line":18,"column":0},"end":{"line":18,"column":32}},"12":{"start":{"line":20,"column":23},"end":{"line":20,"column":52}},"13":{"start":{"line":21,"column":23},"end":{"line":21,"column":52}},"14":{"start":{"line":22,"column":4},"end":{"line":27,"column":5}},"15":{"start":{"line":23,"column":8},"end":{"line":23,"column":38}},"16":{"start":{"line":25,"column":9},"end":{"line":27,"column":5}},"17":{"start":{"line":26,"column":8},"end":{"line":26,"column":34}},"18":{"start":{"line":28,"column":4},"end":{"line":28,"column":32}},"19":{"start":{"line":30,"column":0},"end":{"line":30,"column":46}},"20":{"start":{"line":32,"column":4},"end":{"line":32,"column":82}},"21":{"start":{"line":34,"column":0},"end":{"line":34,"column":42}},"22":{"start":{"line":36,"column":4},"end":{"line":36,"column":84}},"23":{"start":{"line":38,"column":0},"end":{"line":38,"column":46}}},"fnMap":{"0":{"name":"(anonymous_0)","decl":{"start":{"line":5,"column":1},"end":{"line":5,"column":2}},"loc":{"start":{"line":5,"column":25},"end":{"line":9,"column":1}},"line":5},"1":{"name":"hasRole","decl":{"start":{"line":10,"column":9},"end":{"line":10,"column":16}},"loc":{"start":{"line":10,"column":33},"end":{"line":12,"column":1}},"line":10},"2":{"name":"hasAnyRole","decl":{"start":{"line":14,"column":9},"end":{"line":14,"column":19}},"loc":{"start":{"line":14,"column":36},"end":{"line":17,"column":1}},"line":14},"3":{"name":"(anonymous_3)","decl":{"start":{"line":16,"column":22},"end":{"line":16,"column":23}},"loc":{"start":{"line":16,"column":34},"end":{"line":16,"column":57}},"line":16},"4":{"name":"wasAnyRoleChanged","decl":{"start":{"line":19,"column":9},"end":{"line":19,"column":26}},"loc":{"start":{"line":19,"column":57},"end":{"line":29,"column":1}},"line":19},"5":{"name":"wasAnyRoleAdded","decl":{"start":{"line":31,"column":9},"end":{"line":31,"column":24}},"loc":{"start":{"line":31,"column":55},"end":{"line":33,"column":1}},"line":31},"6":{"name":"wasAnyRoleRemoved","decl":{"start":{"line":35,"column":9},"end":{"line":35,"column":26}},"loc":{"start":{"line":35,"column":57},"end":{"line":37,"column":1}},"line":35}},"branchMap":{"0":{"loc":{"start":{"line":9,"column":18},"end":{"line":9,"column":69}},"type":"binary-expr","locations":[{"start":{"line":9,"column":18},"end":{"line":9,"column":38}},{"start":{"line":9,"column":43},"end":{"line":9,"column":68}}],"line":9},"1":{"loc":{"start":{"line":15,"column":18},"end":{"line":15,"column":59}},"type":"cond-expr","locations":[{"start":{"line":15,"column":42},"end":{"line":15,"column":48}},{"start":{"line":15,"column":51},"end":{"line":15,"column":59}}],"line":15},"2":{"loc":{"start":{"line":22,"column":4},"end":{"line":27,"column":5}},"type":"if","locations":[{"start":{"line":22,"column":4},"end":{"line":27,"column":5}},{"start":{"line":25,"column":9},"end":{"line":27,"column":5}}],"line":22},"3":{"loc":{"start":{"line":25,"column":9},"end":{"line":27,"column":5}},"type":"if","locations":[{"start":{"line":25,"column":9},"end":{"line":27,"column":5}},{"start":{},"end":{}}],"line":25},"4":{"loc":{"start":{"line":25,"column":13},"end":{"line":25,"column":38}},"type":"binary-expr","locations":[{"start":{"line":25,"column":13},"end":{"line":25,"column":24}},{"start":{"line":25,"column":28},"end":{"line":25,"column":38}}],"line":25}},"s":{"0":2,"1":2,"2":2,"3":2,"4":2,"5":2,"6":52,"7":2,"8":28,"9":28,"10":50,"11":2,"12":12,"13":12,"14":12,"15":4,"16":8,"17":4,"18":4,"19":2,"20":3,"21":2,"22":3,"23":2},"f":{"0":2,"1":52,"2":28,"3":50,"4":12,"5":3,"6":3},"b":{"0":[2,2],"1":[27,1],"2":[4,8],"3":[4,4],"4":[8,4]},"_coverageSchema":"1a1c01bbd47fc00a2c39e90264f33305004495a9","hash":"49e5603ff00f0c513f2e9d2151f4dde72f65d89f"}
,"C:\\Users\\ceciw\\Repositories\\ffxiv-rain\\rain-bot\\test\\__utils__\\chance.ts": {"path":"C:\\Users\\ceciw\\Repositories\\ffxiv-rain\\rain-bot\\test\\__utils__\\chance.ts","statementMap":{"0":{"start":{"line":2,"column":0},"end":{"line":2,"column":62}},"1":{"start":{"line":3,"column":0},"end":{"line":3,"column":24}},"2":{"start":{"line":4,"column":17},"end":{"line":4,"column":34}},"3":{"start":{"line":5,"column":0},"end":{"line":5,"column":39}}},"fnMap":{},"branchMap":{},"s":{"0":3,"1":3,"2":3,"3":3},"f":{},"b":{},"_coverageSchema":"1a1c01bbd47fc00a2c39e90264f33305004495a9","hash":"040ee9f1c2b51969260a7c947edd9756b0e17ecd"}
,"C:\\Users\\ceciw\\Repositories\\ffxiv-rain\\rain-bot\\test\\__utils__\\mock.ts": {"path":"C:\\Users\\ceciw\\Repositories\\ffxiv-rain\\rain-bot\\test\\__utils__\\mock.ts","statementMap":{"0":{"start":{"line":2,"column":0},"end":{"line":2,"column":62}},"1":{"start":{"line":3,"column":0},"end":{"line":3,"column":109}},"2":{"start":{"line":4,"column":17},"end":{"line":4,"column":36}},"3":{"start":{"line":6,"column":4},"end":{"line":10,"column":6}},"4":{"start":{"line":12,"column":0},"end":{"line":12,"column":32}},"5":{"start":{"line":14,"column":4},"end":{"line":17,"column":6}},"6":{"start":{"line":19,"column":0},"end":{"line":19,"column":40}},"7":{"start":{"line":21,"column":4},"end":{"line":26,"column":6}},"8":{"start":{"line":28,"column":0},"end":{"line":28,"column":42}},"9":{"start":{"line":30,"column":4},"end":{"line":33,"column":6}},"10":{"start":{"line":35,"column":0},"end":{"line":35,"column":50}}},"fnMap":{"0":{"name":"mockMember","decl":{"start":{"line":5,"column":9},"end":{"line":5,"column":19}},"loc":{"start":{"line":5,"column":31},"end":{"line":11,"column":1}},"line":5},"1":{"name":"mockMemberUser","decl":{"start":{"line":13,"column":9},"end":{"line":13,"column":23}},"loc":{"start":{"line":13,"column":35},"end":{"line":18,"column":1}},"line":13},"2":{"name":"mockMemberRoles","decl":{"start":{"line":20,"column":9},"end":{"line":20,"column":24}},"loc":{"start":{"line":20,"column":36},"end":{"line":27,"column":1}},"line":20},"3":{"name":"mockMemberRoleCache","decl":{"start":{"line":29,"column":9},"end":{"line":29,"column":28}},"loc":{"start":{"line":29,"column":40},"end":{"line":34,"column":1}},"line":29}},"branchMap":{},"s":{"0":3,"1":3,"2":3,"3":40,"4":3,"5":42,"6":3,"7":67,"8":3,"9":94,"10":3},"f":{"0":40,"1":42,"2":67,"3":94},"b":{},"_coverageSchema":"1a1c01bbd47fc00a2c39e90264f33305004495a9","hash":"6d99ded48d5c517cb39386397062e974bf5b2f24"}
}
