TN:
SF:src\roles.ts
FN:5,(anonymous_0)
FNF:1
FNH:1
FNDA:2,(anonymous_0)
DA:2,2
DA:3,2
DA:5,2
DA:9,2
DA:10,2
DA:11,2
DA:12,2
DA:13,2
DA:14,2
DA:15,2
DA:16,2
DA:17,2
DA:21,2
DA:22,2
DA:26,2
DA:27,2
DA:31,2
DA:32,2
DA:33,2
DA:35,2
LF:20
LH:20
BRDA:34,0,0,2
BRDA:34,0,1,2
BRF:2
BRH:2
end_of_record
TN:
SF:src\bot\auto-role.ts
FN:7,autoVerify
FN:14,autoAssignGuestAndStaff
FN:26,onGuildMemberUpdate
FN:33,onGuildMemberAdd
FN:42,autoRoleSetup
FNF:5
FNH:3
FNDA:3,autoVerify
FNDA:3,autoAssignGuestAndStaff
FNDA:0,onGuildMemberUpdate
FNDA:2,onGuildMemberAdd
FNDA:0,autoRoleSetup
DA:2,1
DA:3,1
DA:4,1
DA:5,1
DA:6,1
DA:8,3
DA:9,1
DA:10,1
DA:13,1
DA:15,3
DA:16,3
DA:17,1
DA:18,1
DA:20,2
DA:21,1
DA:22,1
DA:25,1
DA:27,0
DA:28,0
DA:29,0
DA:30,0
DA:32,1
DA:34,2
DA:36,2
DA:37,1
DA:39,2
DA:41,1
DA:43,0
DA:44,0
DA:46,1
LF:30
LH:24
BRDA:8,0,0,1
BRDA:8,0,1,2
BRDA:8,1,0,3
BRDA:8,1,1,2
BRDA:16,2,0,1
BRDA:16,2,1,2
BRDA:20,3,0,1
BRDA:20,3,1,1
BRDA:36,4,0,1
BRDA:36,4,1,1
BRF:10
BRH:10
end_of_record
TN:
SF:src\managers\diff-cache-manager.ts
FN:8,(anonymous_0)
FN:23,(anonymous_1)
FN:27,(anonymous_2)
FNF:3
FNH:1
FNDA:2,(anonymous_0)
FNDA:0,(anonymous_1)
FNDA:0,(anonymous_2)
DA:2,1
DA:3,1
DA:4,1
DA:5,1
DA:7,1
DA:9,2
DA:10,0
DA:12,2
DA:13,0
DA:16,2
DA:17,1
DA:19,2
DA:21,0
DA:24,0
DA:25,0
DA:26,0
DA:27,0
DA:28,0
DA:29,0
DA:33,1
LF:20
LH:11
BRDA:9,0,0,0
BRDA:9,0,1,2
BRDA:12,1,0,0
BRDA:12,1,1,2
BRDA:16,2,0,1
BRDA:16,2,1,1
BRDA:25,3,0,0
BRDA:25,3,1,0
BRF:8
BRH:4
end_of_record
TN:
SF:src\utils\debounce.ts
FN:6,debounce
FNF:1
FNH:0
FNDA:0,debounce
DA:2,1
DA:3,1
DA:4,1
DA:5,1
DA:7,0
DA:8,0
DA:10,0
DA:12,1
LF:8
LH:5
BRDA:6,0,0,0
BRDA:7,1,0,0
BRDA:7,1,1,0
BRF:3
BRH:0
end_of_record
TN:
SF:src\utils\role-diff.ts
FN:7,(anonymous_0)
FN:18,(anonymous_1)
FN:29,(anonymous_2)
FN:32,(anonymous_3)
FN:35,(anonymous_4)
FNF:5
FNH:5
FNDA:12,(anonymous_0)
FNDA:10,(anonymous_1)
FNDA:28,(anonymous_2)
FNDA:23,(anonymous_3)
FNDA:5,(anonymous_4)
DA:2,2
DA:3,2
DA:5,18
DA:6,18
DA:8,12
DA:9,15
DA:10,15
DA:11,1
DA:13,15
DA:14,1
DA:15,14
DA:19,10
DA:20,11
DA:21,11
DA:22,1
DA:24,11
DA:25,1
DA:26,10
DA:30,28
DA:33,23
DA:36,5
DA:37,5
DA:38,3
DA:39,3
DA:41,5
DA:42,2
DA:43,2
DA:45,5
DA:46,5
DA:47,5
DA:50,2
LF:31
LH:31
BRDA:10,0,0,1
BRDA:10,0,1,14
BRDA:13,1,0,1
BRDA:13,1,1,14
BRDA:21,2,0,1
BRDA:21,2,1,10
BRDA:24,3,0,1
BRDA:24,3,1,10
BRDA:37,4,0,3
BRDA:37,4,1,2
BRDA:41,5,0,2
BRDA:41,5,1,3
BRF:12
BRH:12
end_of_record
TN:
SF:src\utils\roles.ts
FN:5,(anonymous_0)
FN:10,hasRole
FN:14,hasAnyRole
FN:16,(anonymous_3)
FN:19,wasAnyRoleChanged
FN:31,wasAnyRoleAdded
FN:35,wasAnyRoleRemoved
FNF:7
FNH:7
FNDA:2,(anonymous_0)
FNDA:52,hasRole
FNDA:28,hasAnyRole
FNDA:50,(anonymous_3)
FNDA:12,wasAnyRoleChanged
FNDA:3,wasAnyRoleAdded
FNDA:3,wasAnyRoleRemoved
DA:2,2
DA:3,2
DA:5,2
DA:6,2
DA:7,2
DA:8,2
DA:11,52
DA:13,2
DA:15,28
DA:16,50
DA:18,2
DA:20,12
DA:21,12
DA:22,12
DA:23,4
DA:25,8
DA:26,4
DA:28,4
DA:30,2
DA:32,3
DA:34,2
DA:36,3
DA:38,2
LF:23
LH:23
BRDA:9,0,0,2
BRDA:9,0,1,2
BRDA:15,1,0,27
BRDA:15,1,1,1
BRDA:22,2,0,4
BRDA:22,2,1,8
BRDA:25,3,0,4
BRDA:25,3,1,4
BRDA:25,4,0,8
BRDA:25,4,1,4
BRF:10
BRH:10
end_of_record
TN:
SF:test\__utils__\chance.ts
FNF:0
FNH:0
DA:2,3
DA:3,3
DA:4,3
DA:5,3
LF:4
LH:4
BRF:0
BRH:0
end_of_record
TN:
SF:test\__utils__\mock.ts
FN:5,mockMember
FN:13,mockMemberUser
FN:20,mockMemberRoles
FN:29,mockMemberRoleCache
FNF:4
FNH:4
FNDA:40,mockMember
FNDA:42,mockMemberUser
FNDA:67,mockMemberRoles
FNDA:94,mockMemberRoleCache
DA:2,3
DA:3,3
DA:4,3
DA:6,40
DA:12,3
DA:14,42
DA:19,3
DA:21,67
DA:28,3
DA:30,94
DA:35,3
LF:11
LH:11
BRF:0
BRH:0
end_of_record
